<?xml version="1.0" encoding="UTF-8" ?>
<testsuite tests="1" failures="0" name="com.fluxtion.ext.futext.example.flightdelay.FlightDelayTest" time="0.032" errors="0" skipped="1">
  <properties>
    <property name="java.runtime.name" value="Java(TM) SE Runtime Environment"/>
    <property name="sun.boot.library.path" value="C:\Program Files\Java\jdk1.8.0_171\jre\bin"/>
    <property name="java.vm.version" value="25.171-b11"/>
    <property name="java.vm.vendor" value="Oracle Corporation"/>
    <property name="maven.multiModuleProjectDirectory" value="C:\Users\gregp\development\projects\fluxtion\open-source\fluxtion"/>
    <property name="java.vendor.url" value="http://java.oracle.com/"/>
    <property name="path.separator" value=";"/>
    <property name="guice.disable.misplaced.annotation.check" value="true"/>
    <property name="java.vm.name" value="Java HotSpot(TM) 64-Bit Server VM"/>
    <property name="file.encoding.pkg" value="sun.io"/>
    <property name="user.script" value=""/>
    <property name="user.country" value="GB"/>
    <property name="sun.java.launcher" value="SUN_STANDARD"/>
    <property name="sun.os.patch.level" value=""/>
    <property name="java.vm.specification.name" value="Java Virtual Machine Specification"/>
    <property name="user.dir" value="C:\Users\gregp\development\projects\fluxtion\open-source\fluxtion"/>
    <property name="java.runtime.version" value="1.8.0_171-b11"/>
    <property name="java.awt.graphicsenv" value="sun.awt.Win32GraphicsEnvironment"/>
    <property name="java.endorsed.dirs" value="C:\Program Files\Java\jdk1.8.0_171\jre\lib\endorsed"/>
    <property name="os.arch" value="amd64"/>
    <property name="java.io.tmpdir" value="C:\Users\gregp\AppData\Local\Temp\"/>
    <property name="line.separator" value="
"/>
    <property name="java.vm.specification.vendor" value="Oracle Corporation"/>
    <property name="user.variant" value=""/>
    <property name="os.name" value="Windows 10"/>
    <property name="maven.ext.class.path" value="C:\Users\gregp\development\tools\netbeans\netbeans\java\maven-nblib\netbeans-eventspy.jar"/>
    <property name="classworlds.conf" value="C:\Users\gregp\development\tools\maven\apache-maven-3.6.0\bin\..\bin\m2.conf"/>
    <property name="sun.jnu.encoding" value="Cp1252"/>
    <property name="java.library.path" value="C:\Program Files\Java\jdk1.8.0_171\bin;C:\WINDOWS\Sun\Java\bin;C:\WINDOWS\system32;C:\WINDOWS;C:\Program Files (x86)\Common Files\Oracle\Java\javapath;C:\jet15.0-pro-amd64\bin;C:\jet14.0-pro-amd64\bin;C:\Program Files (x86)\Intel\iCLS Client\;C:\ProgramData\Oracle\Java\javapath;C:\Program Files\Intel\iCLS Client\;C:\WINDOWS\system32;C:\WINDOWS;C:\WINDOWS\System32\Wbem;C:\WINDOWS\System32\WindowsPowerShell\v1.0\;C:\Program Files (x86)\Gpg4win\..\GnuPG\bin;C:\Program Files (x86)\Intel\Intel(R) Management Engine Components\DAL;C:\Program Files\Intel\Intel(R) Management Engine Components\DAL;C:\Program Files (x86)\Intel\Intel(R) Management Engine Components\IPT;C:\Program Files\Intel\Intel(R) Management Engine Components\IPT;C:\WINDOWS\System32\OpenSSH\;C:\Program Files\Git\cmd;C:\Users\gregp\AppData\Local\Microsoft\WindowsApps;C:\Users\gregp\development\tools\maven\apache-maven-3.6.0\bin;C:\Program Files (x86)\Inno Setup 5;C:\Users\gregp\bin;;."/>
    <property name="maven.conf" value="C:\Users\gregp\development\tools\maven\apache-maven-3.6.0\bin\../conf"/>
    <property name="sun.awt.enableExtraMouseButtons" value="true"/>
    <property name="java.specification.name" value="Java Platform API Specification"/>
    <property name="java.class.version" value="52.0"/>
    <property name="sun.management.compiler" value="HotSpot 64-Bit Tiered Compilers"/>
    <property name="os.version" value="10.0"/>
    <property name="library.jansi.path" value="C:\Users\gregp\development\tools\maven\apache-maven-3.6.0\bin\..\lib\jansi-native"/>
    <property name="user.home" value="C:\Users\gregp"/>
    <property name="user.timezone" value="Europe/London"/>
    <property name="java.awt.printerjob" value="sun.awt.windows.WPrinterJob"/>
    <property name="java.specification.version" value="1.8"/>
    <property name="file.encoding" value="UTF-8"/>
    <property name="user.name" value="gregp"/>
    <property name="java.class.path" value="C:\Users\gregp\development\tools\maven\apache-maven-3.6.0\bin\..\boot\plexus-classworlds-2.5.2.jar;C:\Users\gregp\development\projects\fluxtion\open-source\fluxtion\examples\documentation-examples\target\classes;C:\Users\gregp\development\projects\fluxtion\open-source\fluxtion\api\target\fluxtion-api-1.7.3-SNAPSHOT.jar;C:\Users\gregp\.m2\repository\it\unimi\dsi\fastutil\7.0.7\fastutil-7.0.7.jar;C:\Users\gregp\.m2\repository\net\vidageek\mirror\1.6.1\mirror-1.6.1.jar;C:\Users\gregp\development\projects\fluxtion\open-source\fluxtion\generator\target\generator-1.7.3-SNAPSHOT.jar;C:\Users\gregp\.m2\repository\com\github\monkeysintown\jgraphx\3.1.2.1\jgraphx-3.1.2.1.jar;C:\Users\gregp\development\projects\fluxtion\open-source\fluxtion\builder\target\fluxtion-builder-1.7.3-SNAPSHOT.jar;C:\Users\gregp\.m2\repository\org\slf4j\slf4j-api\1.7.7\slf4j-api-1.7.7.jar;C:\Users\gregp\.m2\repository\ch\qos\logback\logback-classic\1.1.2\logback-classic-1.1.2.jar;C:\Users\gregp\.m2\repository\ch\qos\logback\logback-core\1.1.2\logback-core-1.1.2.jar;C:\Users\gregp\.m2\repository\net\sf\jgrapht\jgrapht\0.8.3\jgrapht-0.8.3.jar;C:\Users\gregp\.m2\repository\org\reflections\reflections\0.9.9\reflections-0.9.9.jar;C:\Users\gregp\.m2\repository\org\javassist\javassist\3.18.2-GA\javassist-3.18.2-GA.jar;C:\Users\gregp\.m2\repository\com\google\code\findbugs\annotations\2.0.1\annotations-2.0.1.jar;C:\Users\gregp\.m2\repository\io\github\classgraph\classgraph\4.6.27\classgraph-4.6.27.jar;C:\Users\gregp\.m2\repository\org\apache\velocity\velocity\1.7\velocity-1.7.jar;C:\Users\gregp\.m2\repository\commons-collections\commons-collections\3.2.1\commons-collections-3.2.1.jar;C:\Users\gregp\.m2\repository\commons-lang\commons-lang\2.4\commons-lang-2.4.jar;C:\Users\gregp\.m2\repository\org\yaml\snakeyaml\1.14\snakeyaml-1.14.jar;C:\Users\gregp\.m2\repository\com\googlecode\gentyref\gentyref\1.2.0\gentyref-1.2.0.jar;C:\Users\gregp\.m2\repository\net\jodah\typetools\0.4.0\typetools-0.4.0.jar;C:\Users\gregp\.m2\repository\org\apache\commons\commons-lang3\3.4\commons-lang3-3.4.jar;C:\Users\gregp\.m2\repository\net\openhft\compiler\2.3.0\compiler-2.3.0.jar;C:\Users\gregp\.m2\repository\com\intellij\annotations\12.0\annotations-12.0.jar;C:\Users\gregp\.m2\repository\com\google\googlejavaformat\google-java-format\1.3\google-java-format-1.3.jar;C:\Users\gregp\.m2\repository\com\google\errorprone\javac\9-dev-r3297-1-shaded\javac-9-dev-r3297-1-shaded.jar;C:\Users\gregp\.m2\repository\commons-cli\commons-cli\1.3.1\commons-cli-1.3.1.jar;C:\Users\gregp\.m2\repository\com\google\guava\guava\23.5-jre\guava-23.5-jre.jar;C:\Users\gregp\.m2\repository\com\google\code\findbugs\jsr305\1.3.9\jsr305-1.3.9.jar;C:\Users\gregp\.m2\repository\org\checkerframework\checker-qual\2.0.0\checker-qual-2.0.0.jar;C:\Users\gregp\.m2\repository\com\google\errorprone\error_prone_annotations\2.0.18\error_prone_annotations-2.0.18.jar;C:\Users\gregp\.m2\repository\com\google\j2objc\j2objc-annotations\1.1\j2objc-annotations-1.1.jar;C:\Users\gregp\.m2\repository\org\codehaus\mojo\animal-sniffer-annotations\1.14\animal-sniffer-annotations-1.14.jar;C:\Users\gregp\.m2\repository\commons-io\commons-io\2.5\commons-io-2.5.jar;C:\Users\gregp\.m2\repository\com\squareup\javapoet\1.11.0\javapoet-1.11.0.jar;C:\Users\gregp\.m2\repository\com\google\auto\service\auto-service\1.0-rc4\auto-service-1.0-rc4.jar;C:\Users\gregp\.m2\repository\com\google\auto\auto-common\0.8\auto-common-0.8.jar;C:\Users\gregp\development\projects\fluxtion\open-source\fluxtion\examples\futext-examples\target\classes;C:\Users\gregp\development\projects\fluxtion\open-source\fluxtion\extensions\text\api\target\fluxtion-text-api-1.7.3-SNAPSHOT.jar;C:\Users\gregp\development\projects\fluxtion\open-source\fluxtion\extensions\streaming\api\target\fluxtion-streaming-api-1.7.3-SNAPSHOT.jar;C:\Users\gregp\development\projects\fluxtion\open-source\fluxtion\extensions\text\builder\target\fluxtion-text-builder-1.7.3-SNAPSHOT.jar;C:\Users\gregp\development\projects\fluxtion\open-source\fluxtion\extensions\streaming\builder\target\fluxtion-streaming-builder-1.7.3-SNAPSHOT.jar;C:\Users\gregp\.m2\repository\cglib\cglib\3.1\cglib-3.1.jar;C:\Users\gregp\.m2\repository\org\ow2\asm\asm\5.0.4\asm-5.0.4.jar;C:\Users\gregp\.m2\repository\com\lmax\disruptor\3.4.2\disruptor-3.4.2.jar"/>
    <property name="java.vm.specification.version" value="1.8"/>
    <property name="sun.arch.data.model" value="64"/>
    <property name="java.home" value="C:\Program Files\Java\jdk1.8.0_171\jre"/>
    <property name="sun.java.command" value="org.codehaus.plexus.classworlds.launcher.Launcher -Dmaven.ext.class.path=C:\Users\gregp\development\tools\netbeans\netbeans\java\maven-nblib\netbeans-eventspy.jar -Dfile.encoding=UTF-8 clean install"/>
    <property name="java.specification.vendor" value="Oracle Corporation"/>
    <property name="user.language" value="en"/>
    <property name="awt.toolkit" value="sun.awt.windows.WToolkit"/>
    <property name="java.vm.info" value="mixed mode"/>
    <property name="java.version" value="1.8.0_171"/>
    <property name="java.ext.dirs" value="C:\Program Files\Java\jdk1.8.0_171\jre\lib\ext;C:\WINDOWS\Sun\Java\lib\ext"/>
    <property name="sun.boot.class.path" value="C:\Program Files\Java\jdk1.8.0_171\jre\lib\resources.jar;C:\Program Files\Java\jdk1.8.0_171\jre\lib\rt.jar;C:\Program Files\Java\jdk1.8.0_171\jre\lib\sunrsasign.jar;C:\Program Files\Java\jdk1.8.0_171\jre\lib\jsse.jar;C:\Program Files\Java\jdk1.8.0_171\jre\lib\jce.jar;C:\Program Files\Java\jdk1.8.0_171\jre\lib\charsets.jar;C:\Program Files\Java\jdk1.8.0_171\jre\lib\jfr.jar;C:\Program Files\Java\jdk1.8.0_171\jre\classes"/>
    <property name="java.vendor" value="Oracle Corporation"/>
    <property name="maven.home" value="C:\Users\gregp\development\tools\maven\apache-maven-3.6.0\bin\.."/>
    <property name="file.separator" value="\"/>
    <property name="java.vendor.url.bug" value="http://bugreport.sun.com/bugreport/"/>
    <property name="sun.cpu.endian" value="little"/>
    <property name="sun.io.unicode.encoding" value="UnicodeLittle"/>
    <property name="sun.desktop" value="windows"/>
    <property name="sun.cpu.isalist" value="amd64"/>
  </properties>
  <testcase classname="com.fluxtion.ext.futext.example.flightdelay.FlightDelayTest" name="removeNA" time="0.032">
    <skipped/>
  </testcase>
</testsuite>